0 info it worked if it ends with ok
1 verbose cli [ '/usr/local/bin/node', '/usr/local/bin/npm', 'publish' ]
2 info using npm@2.14.12
3 info using node@v4.2.4
4 verbose publish [ '.' ]
5 silly cache add args [ '.', null ]
6 verbose cache add spec .
7 silly cache add parsed spec Result {
7 silly cache add   raw: '.',
7 silly cache add   scope: null,
7 silly cache add   name: null,
7 silly cache add   rawSpec: '.',
7 silly cache add   spec: '/home/jose/ep_line_height',
7 silly cache add   type: 'directory' }
8 verbose addLocalDirectory /home/jose/.npm/ep_line_height/0.0.3/package.tgz not in flight; packing
9 verbose tar pack [ '/home/jose/.npm/ep_line_height/0.0.3/package.tgz',
9 verbose tar pack   '/home/jose/ep_line_height' ]
10 verbose tarball /home/jose/.npm/ep_line_height/0.0.3/package.tgz
11 verbose folder /home/jose/ep_line_height
12 info prepublish ep_line_height@0.0.3
13 verbose addLocalTarball adding from inside cache /home/jose/.npm/ep_line_height/0.0.3/package.tgz
14 silly cache afterAdd ep_line_height@0.0.3
15 verbose afterAdd /home/jose/.npm/ep_line_height/0.0.3/package/package.json not in flight; writing
16 verbose afterAdd /home/jose/.npm/ep_line_height/0.0.3/package/package.json written
17 silly publish { description: 'Change the line height',
17 silly publish   name: 'ep_line_height',
17 silly publish   version: '0.0.3',
17 silly publish   author: { name: 'John McLear', email: 'john@mclear.co.uk' },
17 silly publish   dependencies: {},
17 silly publish   engines: { node: '*' },
17 silly publish   readme: 'Change the line height in Etherpad\n',
17 silly publish   readmeFilename: 'README',
17 silly publish   gitHead: 'd1b241a0eee4395060ebb5a1c00a725ea0b162a4',
17 silly publish   _id: 'ep_line_height@0.0.3',
17 silly publish   scripts: {},
17 silly publish   _shasum: '94d35f7ba3db3fd4155022bd76ea706effe9d324',
17 silly publish   _from: '.' }
18 verbose getPublishConfig undefined
19 silly mapToRegistry name ep_line_height
20 silly mapToRegistry using default registry
21 silly mapToRegistry registry https://registry.npmjs.org/
22 silly mapToRegistry uri https://registry.npmjs.org/ep_line_height
23 verbose publish registryBase https://registry.npmjs.org/
24 silly publish uploading /home/jose/.npm/ep_line_height/0.0.3/package.tgz
25 verbose request uri https://registry.npmjs.org/ep_line_height
26 verbose request sending authorization for write operation
27 info attempt registry request try #1 at 09:29:47
28 verbose request id 5cf3b9612457c741
29 http request PUT https://registry.npmjs.org/ep_line_height
30 http 403 https://registry.npmjs.org/ep_line_height
31 verbose headers { 'content-type': 'application/json',
31 verbose headers   'cache-control': 'max-age=300',
31 verbose headers   'content-length': '95',
31 verbose headers   'accept-ranges': 'bytes',
31 verbose headers   date: 'Tue, 02 Feb 2016 17:29:48 GMT',
31 verbose headers   via: '1.1 varnish',
31 verbose headers   connection: 'keep-alive',
31 verbose headers   'x-served-by': 'cache-sjc3135-SJC',
31 verbose headers   'x-cache': 'MISS',
31 verbose headers   'x-cache-hits': '0',
31 verbose headers   'x-timer': 'S1454434188.026880,VS0,VE233' }
32 verbose request invalidating /home/jose/.npm/registry.npmjs.org/ep_line_height on PUT
33 error publish Failed PUT 403
34 verbose stack Error: "You cannot publish over the previously published version 0.0.3." : ep_line_height
34 verbose stack     at makeError (/usr/local/lib/node_modules/npm/node_modules/npm-registry-client/lib/request.js:264:12)
34 verbose stack     at CachingRegistryClient.<anonymous> (/usr/local/lib/node_modules/npm/node_modules/npm-registry-client/lib/request.js:252:14)
34 verbose stack     at Request._callback (/usr/local/lib/node_modules/npm/node_modules/npm-registry-client/lib/request.js:172:14)
34 verbose stack     at Request.self.callback (/usr/local/lib/node_modules/npm/node_modules/request/request.js:198:22)
34 verbose stack     at emitTwo (events.js:87:13)
34 verbose stack     at Request.emit (events.js:172:7)
34 verbose stack     at Request.<anonymous> (/usr/local/lib/node_modules/npm/node_modules/request/request.js:1082:10)
34 verbose stack     at emitOne (events.js:82:20)
34 verbose stack     at Request.emit (events.js:169:7)
34 verbose stack     at IncomingMessage.<anonymous> (/usr/local/lib/node_modules/npm/node_modules/request/request.js:1009:12)
35 verbose statusCode 403
36 verbose pkgid ep_line_height
37 verbose cwd /home/jose/ep_line_height
38 error Linux 4.2.0-25-generic
39 error argv "/usr/local/bin/node" "/usr/local/bin/npm" "publish"
40 error node v4.2.4
41 error npm  v2.14.12
42 error code E403
43 error "You cannot publish over the previously published version 0.0.3." : ep_line_height
44 error If you need help, you may report this error at:
44 error     <https://github.com/npm/npm/issues>
45 verbose exit [ 1, true ]
